[2022-02-22 08:27:20] local.ERROR: could not find driver (SQL: select * from information_schema.tables where table_schema = pup_job_fair and table_name = migrations and table_type = 'BASE TABLE') {"exception":"[object] (Illuminate\\Database\\QueryException(code: 0): could not find driver (SQL: select * from information_schema.tables where table_schema = pup_job_fair and table_name = migrations and table_type = 'BASE TABLE') at /mnt/c/Users/Jeru/Desktop/workspace/pup-virtual-job-fair/vendor/laravel/framework/src/Illuminate/Database/Connection.php:712)
[stacktrace]
#0 /mnt/c/Users/Jeru/Desktop/workspace/pup-virtual-job-fair/vendor/laravel/framework/src/Illuminate/Database/Connection.php(672): Illuminate\\Database\\Connection->runQueryCallback()
#1 /mnt/c/Users/Jeru/Desktop/workspace/pup-virtual-job-fair/vendor/laravel/framework/src/Illuminate/Database/Connection.php(376): Illuminate\\Database\\Connection->run()
#2 /mnt/c/Users/Jeru/Desktop/workspace/pup-virtual-job-fair/vendor/laravel/framework/src/Illuminate/Database/Schema/MySqlBuilder.php(44): Illuminate\\Database\\Connection->select()
#3 /mnt/c/Users/Jeru/Desktop/workspace/pup-virtual-job-fair/vendor/laravel/framework/src/Illuminate/Database/Migrations/DatabaseMigrationRepository.php(169): Illuminate\\Database\\Schema\\MySqlBuilder->hasTable()
#4 /mnt/c/Users/Jeru/Desktop/workspace/pup-virtual-job-fair/vendor/laravel/framework/src/Illuminate/Database/Migrations/Migrator.php(652): Illuminate\\Database\\Migrations\\DatabaseMigrationRepository->repositoryExists()
#5 /mnt/c/Users/Jeru/Desktop/workspace/pup-virtual-job-fair/vendor/laravel/framework/src/Illuminate/Database/Console/Migrations/MigrateCommand.php(106): Illuminate\\Database\\Migrations\\Migrator->repositoryExists()
#6 /mnt/c/Users/Jeru/Desktop/workspace/pup-virtual-job-fair/vendor/laravel/framework/src/Illuminate/Database/Console/Migrations/MigrateCommand.php(77): Illuminate\\Database\\Console\\Migrations\\MigrateCommand->prepareDatabase()
#7 /mnt/c/Users/Jeru/Desktop/workspace/pup-virtual-job-fair/vendor/laravel/framework/src/Illuminate/Database/Migrations/Migrator.php(585): Illuminate\\Database\\Console\\Migrations\\MigrateCommand->Illuminate\\Database\\Console\\Migrations\\{closure}()
#8 /mnt/c/Users/Jeru/Desktop/workspace/pup-virtual-job-fair/vendor/laravel/framework/src/Illuminate/Database/Console/Migrations/MigrateCommand.php(94): Illuminate\\Database\\Migrations\\Migrator->usingConnection()
#9 /mnt/c/Users/Jeru/Desktop/workspace/pup-virtual-job-fair/vendor/laravel/framework/src/Illuminate/Container/BoundMethod.php(36): Illuminate\\Database\\Console\\Migrations\\MigrateCommand->handle()
#10 /mnt/c/Users/Jeru/Desktop/workspace/pup-virtual-job-fair/vendor/laravel/framework/src/Illuminate/Container/Util.php(40): Illuminate\\Container\\BoundMethod::Illuminate\\Container\\{closure}()
#11 /mnt/c/Users/Jeru/Desktop/workspace/pup-virtual-job-fair/vendor/laravel/framework/src/Illuminate/Container/BoundMethod.php(93): Illuminate\\Container\\Util::unwrapIfClosure()
#12 /mnt/c/Users/Jeru/Desktop/workspace/pup-virtual-job-fair/vendor/laravel/framework/src/Illuminate/Container/BoundMethod.php(37): Illuminate\\Container\\BoundMethod::callBoundMethod()
#13 /mnt/c/Users/Jeru/Desktop/workspace/pup-virtual-job-fair/vendor/laravel/framework/src/Illuminate/Container/Container.php(653): Illuminate\\Container\\BoundMethod::call()
#14 /mnt/c/Users/Jeru/Desktop/workspace/pup-virtual-job-fair/vendor/laravel/framework/src/Illuminate/Console/Command.php(136): Illuminate\\Container\\Container->call()
#15 /mnt/c/Users/Jeru/Desktop/workspace/pup-virtual-job-fair/vendor/symfony/console/Command/Command.php(298): Illuminate\\Console\\Command->execute()
#16 /mnt/c/Users/Jeru/Desktop/workspace/pup-virtual-job-fair/vendor/laravel/framework/src/Illuminate/Console/Command.php(121): Symfony\\Component\\Console\\Command\\Command->run()
#17 /mnt/c/Users/Jeru/Desktop/workspace/pup-virtual-job-fair/vendor/symfony/console/Application.php(1015): Illuminate\\Console\\Command->run()
#18 /mnt/c/Users/Jeru/Desktop/workspace/pup-virtual-job-fair/vendor/symfony/console/Application.php(299): Symfony\\Component\\Console\\Application->doRunCommand()
#19 /mnt/c/Users/Jeru/Desktop/workspace/pup-virtual-job-fair/vendor/symfony/console/Application.php(171): Symfony\\Component\\Console\\Application->doRun()
#20 /mnt/c/Users/Jeru/Desktop/workspace/pup-virtual-job-fair/vendor/laravel/framework/src/Illuminate/Console/Application.php(94): Symfony\\Component\\Console\\Application->run()
#21 /mnt/c/Users/Jeru/Desktop/workspace/pup-virtual-job-fair/vendor/laravel/framework/src/Illuminate/Foundation/Console/Kernel.php(129): Illuminate\\Console\\Application->run()
#22 /mnt/c/Users/Jeru/Desktop/workspace/pup-virtual-job-fair/artisan(37): Illuminate\\Foundation\\Console\\Kernel->handle()
#23 {main}

[previous exception] [object] (PDOException(code: 0): could not find driver at /mnt/c/Users/Jeru/Desktop/workspace/pup-virtual-job-fair/vendor/laravel/framework/src/Illuminate/Database/Connectors/Connector.php:70)
[stacktrace]
#0 /mnt/c/Users/Jeru/Desktop/workspace/pup-virtual-job-fair/vendor/laravel/framework/src/Illuminate/Database/Connectors/Connector.php(70): PDO->__construct()
#1 /mnt/c/Users/Jeru/Desktop/workspace/pup-virtual-job-fair/vendor/laravel/framework/src/Illuminate/Database/Connectors/Connector.php(46): Illuminate\\Database\\Connectors\\Connector->createPdoConnection()
#2 /mnt/c/Users/Jeru/Desktop/workspace/pup-virtual-job-fair/vendor/laravel/framework/src/Illuminate/Database/Connectors/MySqlConnector.php(24): Illuminate\\Database\\Connectors\\Connector->createConnection()
#3 /mnt/c/Users/Jeru/Desktop/workspace/pup-virtual-job-fair/vendor/laravel/framework/src/Illuminate/Database/Connectors/ConnectionFactory.php(184): Illuminate\\Database\\Connectors\\MySqlConnector->connect()
#4 [internal function]: Illuminate\\Database\\Connectors\\ConnectionFactory->Illuminate\\Database\\Connectors\\{closure}()
#5 /mnt/c/Users/Jeru/Desktop/workspace/pup-virtual-job-fair/vendor/laravel/framework/src/Illuminate/Database/Connection.php(1062): call_user_func()
#6 /mnt/c/Users/Jeru/Desktop/workspace/pup-virtual-job-fair/vendor/laravel/framework/src/Illuminate/Database/Connection.php(1098): Illuminate\\Database\\Connection->getPdo()
#7 /mnt/c/Users/Jeru/Desktop/workspace/pup-virtual-job-fair/vendor/laravel/framework/src/Illuminate/Database/Connection.php(442): Illuminate\\Database\\Connection->getReadPdo()
#8 /mnt/c/Users/Jeru/Desktop/workspace/pup-virtual-job-fair/vendor/laravel/framework/src/Illuminate/Database/Connection.php(368): Illuminate\\Database\\Connection->getPdoForSelect()
#9 /mnt/c/Users/Jeru/Desktop/workspace/pup-virtual-job-fair/vendor/laravel/framework/src/Illuminate/Database/Connection.php(705): Illuminate\\Database\\Connection->Illuminate\\Database\\{closure}()
#10 /mnt/c/Users/Jeru/Desktop/workspace/pup-virtual-job-fair/vendor/laravel/framework/src/Illuminate/Database/Connection.php(672): Illuminate\\Database\\Connection->runQueryCallback()
#11 /mnt/c/Users/Jeru/Desktop/workspace/pup-virtual-job-fair/vendor/laravel/framework/src/Illuminate/Database/Connection.php(376): Illuminate\\Database\\Connection->run()
#12 /mnt/c/Users/Jeru/Desktop/workspace/pup-virtual-job-fair/vendor/laravel/framework/src/Illuminate/Database/Schema/MySqlBuilder.php(44): Illuminate\\Database\\Connection->select()
#13 /mnt/c/Users/Jeru/Desktop/workspace/pup-virtual-job-fair/vendor/laravel/framework/src/Illuminate/Database/Migrations/DatabaseMigrationRepository.php(169): Illuminate\\Database\\Schema\\MySqlBuilder->hasTable()
#14 /mnt/c/Users/Jeru/Desktop/workspace/pup-virtual-job-fair/vendor/laravel/framework/src/Illuminate/Database/Migrations/Migrator.php(652): Illuminate\\Database\\Migrations\\DatabaseMigrationRepository->repositoryExists()
#15 /mnt/c/Users/Jeru/Desktop/workspace/pup-virtual-job-fair/vendor/laravel/framework/src/Illuminate/Database/Console/Migrations/MigrateCommand.php(106): Illuminate\\Database\\Migrations\\Migrator->repositoryExists()
#16 /mnt/c/Users/Jeru/Desktop/workspace/pup-virtual-job-fair/vendor/laravel/framework/src/Illuminate/Database/Console/Migrations/MigrateCommand.php(77): Illuminate\\Database\\Console\\Migrations\\MigrateCommand->prepareDatabase()
#17 /mnt/c/Users/Jeru/Desktop/workspace/pup-virtual-job-fair/vendor/laravel/framework/src/Illuminate/Database/Migrations/Migrator.php(585): Illuminate\\Database\\Console\\Migrations\\MigrateCommand->Illuminate\\Database\\Console\\Migrations\\{closure}()
#18 /mnt/c/Users/Jeru/Desktop/workspace/pup-virtual-job-fair/vendor/laravel/framework/src/Illuminate/Database/Console/Migrations/MigrateCommand.php(94): Illuminate\\Database\\Migrations\\Migrator->usingConnection()
#19 /mnt/c/Users/Jeru/Desktop/workspace/pup-virtual-job-fair/vendor/laravel/framework/src/Illuminate/Container/BoundMethod.php(36): Illuminate\\Database\\Console\\Migrations\\MigrateCommand->handle()
#20 /mnt/c/Users/Jeru/Desktop/workspace/pup-virtual-job-fair/vendor/laravel/framework/src/Illuminate/Container/Util.php(40): Illuminate\\Container\\BoundMethod::Illuminate\\Container\\{closure}()
#21 /mnt/c/Users/Jeru/Desktop/workspace/pup-virtual-job-fair/vendor/laravel/framework/src/Illuminate/Container/BoundMethod.php(93): Illuminate\\Container\\Util::unwrapIfClosure()
#22 /mnt/c/Users/Jeru/Desktop/workspace/pup-virtual-job-fair/vendor/laravel/framework/src/Illuminate/Container/BoundMethod.php(37): Illuminate\\Container\\BoundMethod::callBoundMethod()
#23 /mnt/c/Users/Jeru/Desktop/workspace/pup-virtual-job-fair/vendor/laravel/framework/src/Illuminate/Container/Container.php(653): Illuminate\\Container\\BoundMethod::call()
#24 /mnt/c/Users/Jeru/Desktop/workspace/pup-virtual-job-fair/vendor/laravel/framework/src/Illuminate/Console/Command.php(136): Illuminate\\Container\\Container->call()
#25 /mnt/c/Users/Jeru/Desktop/workspace/pup-virtual-job-fair/vendor/symfony/console/Command/Command.php(298): Illuminate\\Console\\Command->execute()
#26 /mnt/c/Users/Jeru/Desktop/workspace/pup-virtual-job-fair/vendor/laravel/framework/src/Illuminate/Console/Command.php(121): Symfony\\Component\\Console\\Command\\Command->run()
#27 /mnt/c/Users/Jeru/Desktop/workspace/pup-virtual-job-fair/vendor/symfony/console/Application.php(1015): Illuminate\\Console\\Command->run()
#28 /mnt/c/Users/Jeru/Desktop/workspace/pup-virtual-job-fair/vendor/symfony/console/Application.php(299): Symfony\\Component\\Console\\Application->doRunCommand()
#29 /mnt/c/Users/Jeru/Desktop/workspace/pup-virtual-job-fair/vendor/symfony/console/Application.php(171): Symfony\\Component\\Console\\Application->doRun()
#30 /mnt/c/Users/Jeru/Desktop/workspace/pup-virtual-job-fair/vendor/laravel/framework/src/Illuminate/Console/Application.php(94): Symfony\\Component\\Console\\Application->run()
#31 /mnt/c/Users/Jeru/Desktop/workspace/pup-virtual-job-fair/vendor/laravel/framework/src/Illuminate/Foundation/Console/Kernel.php(129): Illuminate\\Console\\Application->run()
#32 /mnt/c/Users/Jeru/Desktop/workspace/pup-virtual-job-fair/artisan(37): Illuminate\\Foundation\\Console\\Kernel->handle()
#33 {main}
"} 
[2022-02-22 08:28:02] local.ERROR: could not find driver (SQL: select * from information_schema.tables where table_schema = pup_job_fair and table_name = migrations and table_type = 'BASE TABLE') {"exception":"[object] (Illuminate\\Database\\QueryException(code: 0): could not find driver (SQL: select * from information_schema.tables where table_schema = pup_job_fair and table_name = migrations and table_type = 'BASE TABLE') at /mnt/c/Users/Jeru/Desktop/workspace/pup-virtual-job-fair/vendor/laravel/framework/src/Illuminate/Database/Connection.php:712)
[stacktrace]
#0 /mnt/c/Users/Jeru/Desktop/workspace/pup-virtual-job-fair/vendor/laravel/framework/src/Illuminate/Database/Connection.php(672): Illuminate\\Database\\Connection->runQueryCallback()
#1 /mnt/c/Users/Jeru/Desktop/workspace/pup-virtual-job-fair/vendor/laravel/framework/src/Illuminate/Database/Connection.php(376): Illuminate\\Database\\Connection->run()
#2 /mnt/c/Users/Jeru/Desktop/workspace/pup-virtual-job-fair/vendor/laravel/framework/src/Illuminate/Database/Schema/MySqlBuilder.php(44): Illuminate\\Database\\Connection->select()
#3 /mnt/c/Users/Jeru/Desktop/workspace/pup-virtual-job-fair/vendor/laravel/framework/src/Illuminate/Database/Migrations/DatabaseMigrationRepository.php(169): Illuminate\\Database\\Schema\\MySqlBuilder->hasTable()
#4 /mnt/c/Users/Jeru/Desktop/workspace/pup-virtual-job-fair/vendor/laravel/framework/src/Illuminate/Database/Migrations/Migrator.php(652): Illuminate\\Database\\Migrations\\DatabaseMigrationRepository->repositoryExists()
#5 /mnt/c/Users/Jeru/Desktop/workspace/pup-virtual-job-fair/vendor/laravel/framework/src/Illuminate/Database/Console/Migrations/MigrateCommand.php(106): Illuminate\\Database\\Migrations\\Migrator->repositoryExists()
#6 /mnt/c/Users/Jeru/Desktop/workspace/pup-virtual-job-fair/vendor/laravel/framework/src/Illuminate/Database/Console/Migrations/MigrateCommand.php(77): Illuminate\\Database\\Console\\Migrations\\MigrateCommand->prepareDatabase()
#7 /mnt/c/Users/Jeru/Desktop/workspace/pup-virtual-job-fair/vendor/laravel/framework/src/Illuminate/Database/Migrations/Migrator.php(585): Illuminate\\Database\\Console\\Migrations\\MigrateCommand->Illuminate\\Database\\Console\\Migrations\\{closure}()
#8 /mnt/c/Users/Jeru/Desktop/workspace/pup-virtual-job-fair/vendor/laravel/framework/src/Illuminate/Database/Console/Migrations/MigrateCommand.php(94): Illuminate\\Database\\Migrations\\Migrator->usingConnection()
#9 /mnt/c/Users/Jeru/Desktop/workspace/pup-virtual-job-fair/vendor/laravel/framework/src/Illuminate/Container/BoundMethod.php(36): Illuminate\\Database\\Console\\Migrations\\MigrateCommand->handle()
#10 /mnt/c/Users/Jeru/Desktop/workspace/pup-virtual-job-fair/vendor/laravel/framework/src/Illuminate/Container/Util.php(40): Illuminate\\Container\\BoundMethod::Illuminate\\Container\\{closure}()
#11 /mnt/c/Users/Jeru/Desktop/workspace/pup-virtual-job-fair/vendor/laravel/framework/src/Illuminate/Container/BoundMethod.php(93): Illuminate\\Container\\Util::unwrapIfClosure()
#12 /mnt/c/Users/Jeru/Desktop/workspace/pup-virtual-job-fair/vendor/laravel/framework/src/Illuminate/Container/BoundMethod.php(37): Illuminate\\Container\\BoundMethod::callBoundMethod()
#13 /mnt/c/Users/Jeru/Desktop/workspace/pup-virtual-job-fair/vendor/laravel/framework/src/Illuminate/Container/Container.php(653): Illuminate\\Container\\BoundMethod::call()
#14 /mnt/c/Users/Jeru/Desktop/workspace/pup-virtual-job-fair/vendor/laravel/framework/src/Illuminate/Console/Command.php(136): Illuminate\\Container\\Container->call()
#15 /mnt/c/Users/Jeru/Desktop/workspace/pup-virtual-job-fair/vendor/symfony/console/Command/Command.php(298): Illuminate\\Console\\Command->execute()
#16 /mnt/c/Users/Jeru/Desktop/workspace/pup-virtual-job-fair/vendor/laravel/framework/src/Illuminate/Console/Command.php(121): Symfony\\Component\\Console\\Command\\Command->run()
#17 /mnt/c/Users/Jeru/Desktop/workspace/pup-virtual-job-fair/vendor/symfony/console/Application.php(1015): Illuminate\\Console\\Command->run()
#18 /mnt/c/Users/Jeru/Desktop/workspace/pup-virtual-job-fair/vendor/symfony/console/Application.php(299): Symfony\\Component\\Console\\Application->doRunCommand()
#19 /mnt/c/Users/Jeru/Desktop/workspace/pup-virtual-job-fair/vendor/symfony/console/Application.php(171): Symfony\\Component\\Console\\Application->doRun()
#20 /mnt/c/Users/Jeru/Desktop/workspace/pup-virtual-job-fair/vendor/laravel/framework/src/Illuminate/Console/Application.php(94): Symfony\\Component\\Console\\Application->run()
#21 /mnt/c/Users/Jeru/Desktop/workspace/pup-virtual-job-fair/vendor/laravel/framework/src/Illuminate/Foundation/Console/Kernel.php(129): Illuminate\\Console\\Application->run()
#22 /mnt/c/Users/Jeru/Desktop/workspace/pup-virtual-job-fair/artisan(37): Illuminate\\Foundation\\Console\\Kernel->handle()
#23 {main}

[previous exception] [object] (PDOException(code: 0): could not find driver at /mnt/c/Users/Jeru/Desktop/workspace/pup-virtual-job-fair/vendor/laravel/framework/src/Illuminate/Database/Connectors/Connector.php:70)
[stacktrace]
#0 /mnt/c/Users/Jeru/Desktop/workspace/pup-virtual-job-fair/vendor/laravel/framework/src/Illuminate/Database/Connectors/Connector.php(70): PDO->__construct()
#1 /mnt/c/Users/Jeru/Desktop/workspace/pup-virtual-job-fair/vendor/laravel/framework/src/Illuminate/Database/Connectors/Connector.php(46): Illuminate\\Database\\Connectors\\Connector->createPdoConnection()
#2 /mnt/c/Users/Jeru/Desktop/workspace/pup-virtual-job-fair/vendor/laravel/framework/src/Illuminate/Database/Connectors/MySqlConnector.php(24): Illuminate\\Database\\Connectors\\Connector->createConnection()
#3 /mnt/c/Users/Jeru/Desktop/workspace/pup-virtual-job-fair/vendor/laravel/framework/src/Illuminate/Database/Connectors/ConnectionFactory.php(184): Illuminate\\Database\\Connectors\\MySqlConnector->connect()
#4 [internal function]: Illuminate\\Database\\Connectors\\ConnectionFactory->Illuminate\\Database\\Connectors\\{closure}()
#5 /mnt/c/Users/Jeru/Desktop/workspace/pup-virtual-job-fair/vendor/laravel/framework/src/Illuminate/Database/Connection.php(1062): call_user_func()
#6 /mnt/c/Users/Jeru/Desktop/workspace/pup-virtual-job-fair/vendor/laravel/framework/src/Illuminate/Database/Connection.php(1098): Illuminate\\Database\\Connection->getPdo()
#7 /mnt/c/Users/Jeru/Desktop/workspace/pup-virtual-job-fair/vendor/laravel/framework/src/Illuminate/Database/Connection.php(442): Illuminate\\Database\\Connection->getReadPdo()
#8 /mnt/c/Users/Jeru/Desktop/workspace/pup-virtual-job-fair/vendor/laravel/framework/src/Illuminate/Database/Connection.php(368): Illuminate\\Database\\Connection->getPdoForSelect()
#9 /mnt/c/Users/Jeru/Desktop/workspace/pup-virtual-job-fair/vendor/laravel/framework/src/Illuminate/Database/Connection.php(705): Illuminate\\Database\\Connection->Illuminate\\Database\\{closure}()
#10 /mnt/c/Users/Jeru/Desktop/workspace/pup-virtual-job-fair/vendor/laravel/framework/src/Illuminate/Database/Connection.php(672): Illuminate\\Database\\Connection->runQueryCallback()
#11 /mnt/c/Users/Jeru/Desktop/workspace/pup-virtual-job-fair/vendor/laravel/framework/src/Illuminate/Database/Connection.php(376): Illuminate\\Database\\Connection->run()
#12 /mnt/c/Users/Jeru/Desktop/workspace/pup-virtual-job-fair/vendor/laravel/framework/src/Illuminate/Database/Schema/MySqlBuilder.php(44): Illuminate\\Database\\Connection->select()
#13 /mnt/c/Users/Jeru/Desktop/workspace/pup-virtual-job-fair/vendor/laravel/framework/src/Illuminate/Database/Migrations/DatabaseMigrationRepository.php(169): Illuminate\\Database\\Schema\\MySqlBuilder->hasTable()
#14 /mnt/c/Users/Jeru/Desktop/workspace/pup-virtual-job-fair/vendor/laravel/framework/src/Illuminate/Database/Migrations/Migrator.php(652): Illuminate\\Database\\Migrations\\DatabaseMigrationRepository->repositoryExists()
#15 /mnt/c/Users/Jeru/Desktop/workspace/pup-virtual-job-fair/vendor/laravel/framework/src/Illuminate/Database/Console/Migrations/MigrateCommand.php(106): Illuminate\\Database\\Migrations\\Migrator->repositoryExists()
#16 /mnt/c/Users/Jeru/Desktop/workspace/pup-virtual-job-fair/vendor/laravel/framework/src/Illuminate/Database/Console/Migrations/MigrateCommand.php(77): Illuminate\\Database\\Console\\Migrations\\MigrateCommand->prepareDatabase()
#17 /mnt/c/Users/Jeru/Desktop/workspace/pup-virtual-job-fair/vendor/laravel/framework/src/Illuminate/Database/Migrations/Migrator.php(585): Illuminate\\Database\\Console\\Migrations\\MigrateCommand->Illuminate\\Database\\Console\\Migrations\\{closure}()
#18 /mnt/c/Users/Jeru/Desktop/workspace/pup-virtual-job-fair/vendor/laravel/framework/src/Illuminate/Database/Console/Migrations/MigrateCommand.php(94): Illuminate\\Database\\Migrations\\Migrator->usingConnection()
#19 /mnt/c/Users/Jeru/Desktop/workspace/pup-virtual-job-fair/vendor/laravel/framework/src/Illuminate/Container/BoundMethod.php(36): Illuminate\\Database\\Console\\Migrations\\MigrateCommand->handle()
#20 /mnt/c/Users/Jeru/Desktop/workspace/pup-virtual-job-fair/vendor/laravel/framework/src/Illuminate/Container/Util.php(40): Illuminate\\Container\\BoundMethod::Illuminate\\Container\\{closure}()
#21 /mnt/c/Users/Jeru/Desktop/workspace/pup-virtual-job-fair/vendor/laravel/framework/src/Illuminate/Container/BoundMethod.php(93): Illuminate\\Container\\Util::unwrapIfClosure()
#22 /mnt/c/Users/Jeru/Desktop/workspace/pup-virtual-job-fair/vendor/laravel/framework/src/Illuminate/Container/BoundMethod.php(37): Illuminate\\Container\\BoundMethod::callBoundMethod()
#23 /mnt/c/Users/Jeru/Desktop/workspace/pup-virtual-job-fair/vendor/laravel/framework/src/Illuminate/Container/Container.php(653): Illuminate\\Container\\BoundMethod::call()
#24 /mnt/c/Users/Jeru/Desktop/workspace/pup-virtual-job-fair/vendor/laravel/framework/src/Illuminate/Console/Command.php(136): Illuminate\\Container\\Container->call()
#25 /mnt/c/Users/Jeru/Desktop/workspace/pup-virtual-job-fair/vendor/symfony/console/Command/Command.php(298): Illuminate\\Console\\Command->execute()
#26 /mnt/c/Users/Jeru/Desktop/workspace/pup-virtual-job-fair/vendor/laravel/framework/src/Illuminate/Console/Command.php(121): Symfony\\Component\\Console\\Command\\Command->run()
#27 /mnt/c/Users/Jeru/Desktop/workspace/pup-virtual-job-fair/vendor/symfony/console/Application.php(1015): Illuminate\\Console\\Command->run()
#28 /mnt/c/Users/Jeru/Desktop/workspace/pup-virtual-job-fair/vendor/symfony/console/Application.php(299): Symfony\\Component\\Console\\Application->doRunCommand()
#29 /mnt/c/Users/Jeru/Desktop/workspace/pup-virtual-job-fair/vendor/symfony/console/Application.php(171): Symfony\\Component\\Console\\Application->doRun()
#30 /mnt/c/Users/Jeru/Desktop/workspace/pup-virtual-job-fair/vendor/laravel/framework/src/Illuminate/Console/Application.php(94): Symfony\\Component\\Console\\Application->run()
#31 /mnt/c/Users/Jeru/Desktop/workspace/pup-virtual-job-fair/vendor/laravel/framework/src/Illuminate/Foundation/Console/Kernel.php(129): Illuminate\\Console\\Application->run()
#32 /mnt/c/Users/Jeru/Desktop/workspace/pup-virtual-job-fair/artisan(37): Illuminate\\Foundation\\Console\\Kernel->handle()
#33 {main}
"} 
[2022-02-22 08:32:27] local.ERROR: could not find driver (SQL: select * from information_schema.tables where table_schema = pup_job_fair and table_name = migrations and table_type = 'BASE TABLE') {"exception":"[object] (Illuminate\\Database\\QueryException(code: 0): could not find driver (SQL: select * from information_schema.tables where table_schema = pup_job_fair and table_name = migrations and table_type = 'BASE TABLE') at /mnt/c/Users/Jeru/Desktop/workspace/pup-virtual-job-fair/vendor/laravel/framework/src/Illuminate/Database/Connection.php:712)
[stacktrace]
#0 /mnt/c/Users/Jeru/Desktop/workspace/pup-virtual-job-fair/vendor/laravel/framework/src/Illuminate/Database/Connection.php(672): Illuminate\\Database\\Connection->runQueryCallback()
#1 /mnt/c/Users/Jeru/Desktop/workspace/pup-virtual-job-fair/vendor/laravel/framework/src/Illuminate/Database/Connection.php(376): Illuminate\\Database\\Connection->run()
#2 /mnt/c/Users/Jeru/Desktop/workspace/pup-virtual-job-fair/vendor/laravel/framework/src/Illuminate/Database/Schema/MySqlBuilder.php(44): Illuminate\\Database\\Connection->select()
#3 /mnt/c/Users/Jeru/Desktop/workspace/pup-virtual-job-fair/vendor/laravel/framework/src/Illuminate/Database/Migrations/DatabaseMigrationRepository.php(169): Illuminate\\Database\\Schema\\MySqlBuilder->hasTable()
#4 /mnt/c/Users/Jeru/Desktop/workspace/pup-virtual-job-fair/vendor/laravel/framework/src/Illuminate/Database/Migrations/Migrator.php(652): Illuminate\\Database\\Migrations\\DatabaseMigrationRepository->repositoryExists()
#5 /mnt/c/Users/Jeru/Desktop/workspace/pup-virtual-job-fair/vendor/laravel/framework/src/Illuminate/Database/Console/Migrations/MigrateCommand.php(106): Illuminate\\Database\\Migrations\\Migrator->repositoryExists()
#6 /mnt/c/Users/Jeru/Desktop/workspace/pup-virtual-job-fair/vendor/laravel/framework/src/Illuminate/Database/Console/Migrations/MigrateCommand.php(77): Illuminate\\Database\\Console\\Migrations\\MigrateCommand->prepareDatabase()
#7 /mnt/c/Users/Jeru/Desktop/workspace/pup-virtual-job-fair/vendor/laravel/framework/src/Illuminate/Database/Migrations/Migrator.php(585): Illuminate\\Database\\Console\\Migrations\\MigrateCommand->Illuminate\\Database\\Console\\Migrations\\{closure}()
#8 /mnt/c/Users/Jeru/Desktop/workspace/pup-virtual-job-fair/vendor/laravel/framework/src/Illuminate/Database/Console/Migrations/MigrateCommand.php(94): Illuminate\\Database\\Migrations\\Migrator->usingConnection()
#9 /mnt/c/Users/Jeru/Desktop/workspace/pup-virtual-job-fair/vendor/laravel/framework/src/Illuminate/Container/BoundMethod.php(36): Illuminate\\Database\\Console\\Migrations\\MigrateCommand->handle()
#10 /mnt/c/Users/Jeru/Desktop/workspace/pup-virtual-job-fair/vendor/laravel/framework/src/Illuminate/Container/Util.php(40): Illuminate\\Container\\BoundMethod::Illuminate\\Container\\{closure}()
#11 /mnt/c/Users/Jeru/Desktop/workspace/pup-virtual-job-fair/vendor/laravel/framework/src/Illuminate/Container/BoundMethod.php(93): Illuminate\\Container\\Util::unwrapIfClosure()
#12 /mnt/c/Users/Jeru/Desktop/workspace/pup-virtual-job-fair/vendor/laravel/framework/src/Illuminate/Container/BoundMethod.php(37): Illuminate\\Container\\BoundMethod::callBoundMethod()
#13 /mnt/c/Users/Jeru/Desktop/workspace/pup-virtual-job-fair/vendor/laravel/framework/src/Illuminate/Container/Container.php(653): Illuminate\\Container\\BoundMethod::call()
#14 /mnt/c/Users/Jeru/Desktop/workspace/pup-virtual-job-fair/vendor/laravel/framework/src/Illuminate/Console/Command.php(136): Illuminate\\Container\\Container->call()
#15 /mnt/c/Users/Jeru/Desktop/workspace/pup-virtual-job-fair/vendor/symfony/console/Command/Command.php(298): Illuminate\\Console\\Command->execute()
#16 /mnt/c/Users/Jeru/Desktop/workspace/pup-virtual-job-fair/vendor/laravel/framework/src/Illuminate/Console/Command.php(121): Symfony\\Component\\Console\\Command\\Command->run()
#17 /mnt/c/Users/Jeru/Desktop/workspace/pup-virtual-job-fair/vendor/symfony/console/Application.php(1015): Illuminate\\Console\\Command->run()
#18 /mnt/c/Users/Jeru/Desktop/workspace/pup-virtual-job-fair/vendor/symfony/console/Application.php(299): Symfony\\Component\\Console\\Application->doRunCommand()
#19 /mnt/c/Users/Jeru/Desktop/workspace/pup-virtual-job-fair/vendor/symfony/console/Application.php(171): Symfony\\Component\\Console\\Application->doRun()
#20 /mnt/c/Users/Jeru/Desktop/workspace/pup-virtual-job-fair/vendor/laravel/framework/src/Illuminate/Console/Application.php(94): Symfony\\Component\\Console\\Application->run()
#21 /mnt/c/Users/Jeru/Desktop/workspace/pup-virtual-job-fair/vendor/laravel/framework/src/Illuminate/Foundation/Console/Kernel.php(129): Illuminate\\Console\\Application->run()
#22 /mnt/c/Users/Jeru/Desktop/workspace/pup-virtual-job-fair/artisan(37): Illuminate\\Foundation\\Console\\Kernel->handle()
#23 {main}

[previous exception] [object] (PDOException(code: 0): could not find driver at /mnt/c/Users/Jeru/Desktop/workspace/pup-virtual-job-fair/vendor/laravel/framework/src/Illuminate/Database/Connectors/Connector.php:70)
[stacktrace]
#0 /mnt/c/Users/Jeru/Desktop/workspace/pup-virtual-job-fair/vendor/laravel/framework/src/Illuminate/Database/Connectors/Connector.php(70): PDO->__construct()
#1 /mnt/c/Users/Jeru/Desktop/workspace/pup-virtual-job-fair/vendor/laravel/framework/src/Illuminate/Database/Connectors/Connector.php(46): Illuminate\\Database\\Connectors\\Connector->createPdoConnection()
#2 /mnt/c/Users/Jeru/Desktop/workspace/pup-virtual-job-fair/vendor/laravel/framework/src/Illuminate/Database/Connectors/MySqlConnector.php(24): Illuminate\\Database\\Connectors\\Connector->createConnection()
#3 /mnt/c/Users/Jeru/Desktop/workspace/pup-virtual-job-fair/vendor/laravel/framework/src/Illuminate/Database/Connectors/ConnectionFactory.php(184): Illuminate\\Database\\Connectors\\MySqlConnector->connect()
#4 [internal function]: Illuminate\\Database\\Connectors\\ConnectionFactory->Illuminate\\Database\\Connectors\\{closure}()
#5 /mnt/c/Users/Jeru/Desktop/workspace/pup-virtual-job-fair/vendor/laravel/framework/src/Illuminate/Database/Connection.php(1062): call_user_func()
#6 /mnt/c/Users/Jeru/Desktop/workspace/pup-virtual-job-fair/vendor/laravel/framework/src/Illuminate/Database/Connection.php(1098): Illuminate\\Database\\Connection->getPdo()
#7 /mnt/c/Users/Jeru/Desktop/workspace/pup-virtual-job-fair/vendor/laravel/framework/src/Illuminate/Database/Connection.php(442): Illuminate\\Database\\Connection->getReadPdo()
#8 /mnt/c/Users/Jeru/Desktop/workspace/pup-virtual-job-fair/vendor/laravel/framework/src/Illuminate/Database/Connection.php(368): Illuminate\\Database\\Connection->getPdoForSelect()
#9 /mnt/c/Users/Jeru/Desktop/workspace/pup-virtual-job-fair/vendor/laravel/framework/src/Illuminate/Database/Connection.php(705): Illuminate\\Database\\Connection->Illuminate\\Database\\{closure}()
#10 /mnt/c/Users/Jeru/Desktop/workspace/pup-virtual-job-fair/vendor/laravel/framework/src/Illuminate/Database/Connection.php(672): Illuminate\\Database\\Connection->runQueryCallback()
#11 /mnt/c/Users/Jeru/Desktop/workspace/pup-virtual-job-fair/vendor/laravel/framework/src/Illuminate/Database/Connection.php(376): Illuminate\\Database\\Connection->run()
#12 /mnt/c/Users/Jeru/Desktop/workspace/pup-virtual-job-fair/vendor/laravel/framework/src/Illuminate/Database/Schema/MySqlBuilder.php(44): Illuminate\\Database\\Connection->select()
#13 /mnt/c/Users/Jeru/Desktop/workspace/pup-virtual-job-fair/vendor/laravel/framework/src/Illuminate/Database/Migrations/DatabaseMigrationRepository.php(169): Illuminate\\Database\\Schema\\MySqlBuilder->hasTable()
#14 /mnt/c/Users/Jeru/Desktop/workspace/pup-virtual-job-fair/vendor/laravel/framework/src/Illuminate/Database/Migrations/Migrator.php(652): Illuminate\\Database\\Migrations\\DatabaseMigrationRepository->repositoryExists()
#15 /mnt/c/Users/Jeru/Desktop/workspace/pup-virtual-job-fair/vendor/laravel/framework/src/Illuminate/Database/Console/Migrations/MigrateCommand.php(106): Illuminate\\Database\\Migrations\\Migrator->repositoryExists()
#16 /mnt/c/Users/Jeru/Desktop/workspace/pup-virtual-job-fair/vendor/laravel/framework/src/Illuminate/Database/Console/Migrations/MigrateCommand.php(77): Illuminate\\Database\\Console\\Migrations\\MigrateCommand->prepareDatabase()
#17 /mnt/c/Users/Jeru/Desktop/workspace/pup-virtual-job-fair/vendor/laravel/framework/src/Illuminate/Database/Migrations/Migrator.php(585): Illuminate\\Database\\Console\\Migrations\\MigrateCommand->Illuminate\\Database\\Console\\Migrations\\{closure}()
#18 /mnt/c/Users/Jeru/Desktop/workspace/pup-virtual-job-fair/vendor/laravel/framework/src/Illuminate/Database/Console/Migrations/MigrateCommand.php(94): Illuminate\\Database\\Migrations\\Migrator->usingConnection()
#19 /mnt/c/Users/Jeru/Desktop/workspace/pup-virtual-job-fair/vendor/laravel/framework/src/Illuminate/Container/BoundMethod.php(36): Illuminate\\Database\\Console\\Migrations\\MigrateCommand->handle()
#20 /mnt/c/Users/Jeru/Desktop/workspace/pup-virtual-job-fair/vendor/laravel/framework/src/Illuminate/Container/Util.php(40): Illuminate\\Container\\BoundMethod::Illuminate\\Container\\{closure}()
#21 /mnt/c/Users/Jeru/Desktop/workspace/pup-virtual-job-fair/vendor/laravel/framework/src/Illuminate/Container/BoundMethod.php(93): Illuminate\\Container\\Util::unwrapIfClosure()
#22 /mnt/c/Users/Jeru/Desktop/workspace/pup-virtual-job-fair/vendor/laravel/framework/src/Illuminate/Container/BoundMethod.php(37): Illuminate\\Container\\BoundMethod::callBoundMethod()
#23 /mnt/c/Users/Jeru/Desktop/workspace/pup-virtual-job-fair/vendor/laravel/framework/src/Illuminate/Container/Container.php(653): Illuminate\\Container\\BoundMethod::call()
#24 /mnt/c/Users/Jeru/Desktop/workspace/pup-virtual-job-fair/vendor/laravel/framework/src/Illuminate/Console/Command.php(136): Illuminate\\Container\\Container->call()
#25 /mnt/c/Users/Jeru/Desktop/workspace/pup-virtual-job-fair/vendor/symfony/console/Command/Command.php(298): Illuminate\\Console\\Command->execute()
#26 /mnt/c/Users/Jeru/Desktop/workspace/pup-virtual-job-fair/vendor/laravel/framework/src/Illuminate/Console/Command.php(121): Symfony\\Component\\Console\\Command\\Command->run()
#27 /mnt/c/Users/Jeru/Desktop/workspace/pup-virtual-job-fair/vendor/symfony/console/Application.php(1015): Illuminate\\Console\\Command->run()
#28 /mnt/c/Users/Jeru/Desktop/workspace/pup-virtual-job-fair/vendor/symfony/console/Application.php(299): Symfony\\Component\\Console\\Application->doRunCommand()
#29 /mnt/c/Users/Jeru/Desktop/workspace/pup-virtual-job-fair/vendor/symfony/console/Application.php(171): Symfony\\Component\\Console\\Application->doRun()
#30 /mnt/c/Users/Jeru/Desktop/workspace/pup-virtual-job-fair/vendor/laravel/framework/src/Illuminate/Console/Application.php(94): Symfony\\Component\\Console\\Application->run()
#31 /mnt/c/Users/Jeru/Desktop/workspace/pup-virtual-job-fair/vendor/laravel/framework/src/Illuminate/Foundation/Console/Kernel.php(129): Illuminate\\Console\\Application->run()
#32 /mnt/c/Users/Jeru/Desktop/workspace/pup-virtual-job-fair/artisan(37): Illuminate\\Foundation\\Console\\Kernel->handle()
#33 {main}
"} 
[2022-02-22 08:37:15] local.ERROR: could not find driver (SQL: select * from information_schema.tables where table_schema = pup_job_fair and table_name = migrations and table_type = 'BASE TABLE') {"exception":"[object] (Illuminate\\Database\\QueryException(code: 0): could not find driver (SQL: select * from information_schema.tables where table_schema = pup_job_fair and table_name = migrations and table_type = 'BASE TABLE') at /mnt/c/Users/Jeru/Desktop/workspace/pup-virtual-job-fair/vendor/laravel/framework/src/Illuminate/Database/Connection.php:712)
[stacktrace]
#0 /mnt/c/Users/Jeru/Desktop/workspace/pup-virtual-job-fair/vendor/laravel/framework/src/Illuminate/Database/Connection.php(672): Illuminate\\Database\\Connection->runQueryCallback()
#1 /mnt/c/Users/Jeru/Desktop/workspace/pup-virtual-job-fair/vendor/laravel/framework/src/Illuminate/Database/Connection.php(376): Illuminate\\Database\\Connection->run()
#2 /mnt/c/Users/Jeru/Desktop/workspace/pup-virtual-job-fair/vendor/laravel/framework/src/Illuminate/Database/Schema/MySqlBuilder.php(44): Illuminate\\Database\\Connection->select()
#3 /mnt/c/Users/Jeru/Desktop/workspace/pup-virtual-job-fair/vendor/laravel/framework/src/Illuminate/Database/Migrations/DatabaseMigrationRepository.php(169): Illuminate\\Database\\Schema\\MySqlBuilder->hasTable()
#4 /mnt/c/Users/Jeru/Desktop/workspace/pup-virtual-job-fair/vendor/laravel/framework/src/Illuminate/Database/Migrations/Migrator.php(652): Illuminate\\Database\\Migrations\\DatabaseMigrationRepository->repositoryExists()
#5 /mnt/c/Users/Jeru/Desktop/workspace/pup-virtual-job-fair/vendor/laravel/framework/src/Illuminate/Database/Console/Migrations/MigrateCommand.php(106): Illuminate\\Database\\Migrations\\Migrator->repositoryExists()
#6 /mnt/c/Users/Jeru/Desktop/workspace/pup-virtual-job-fair/vendor/laravel/framework/src/Illuminate/Database/Console/Migrations/MigrateCommand.php(77): Illuminate\\Database\\Console\\Migrations\\MigrateCommand->prepareDatabase()
#7 /mnt/c/Users/Jeru/Desktop/workspace/pup-virtual-job-fair/vendor/laravel/framework/src/Illuminate/Database/Migrations/Migrator.php(585): Illuminate\\Database\\Console\\Migrations\\MigrateCommand->Illuminate\\Database\\Console\\Migrations\\{closure}()
#8 /mnt/c/Users/Jeru/Desktop/workspace/pup-virtual-job-fair/vendor/laravel/framework/src/Illuminate/Database/Console/Migrations/MigrateCommand.php(94): Illuminate\\Database\\Migrations\\Migrator->usingConnection()
#9 /mnt/c/Users/Jeru/Desktop/workspace/pup-virtual-job-fair/vendor/laravel/framework/src/Illuminate/Container/BoundMethod.php(36): Illuminate\\Database\\Console\\Migrations\\MigrateCommand->handle()
#10 /mnt/c/Users/Jeru/Desktop/workspace/pup-virtual-job-fair/vendor/laravel/framework/src/Illuminate/Container/Util.php(40): Illuminate\\Container\\BoundMethod::Illuminate\\Container\\{closure}()
#11 /mnt/c/Users/Jeru/Desktop/workspace/pup-virtual-job-fair/vendor/laravel/framework/src/Illuminate/Container/BoundMethod.php(93): Illuminate\\Container\\Util::unwrapIfClosure()
#12 /mnt/c/Users/Jeru/Desktop/workspace/pup-virtual-job-fair/vendor/laravel/framework/src/Illuminate/Container/BoundMethod.php(37): Illuminate\\Container\\BoundMethod::callBoundMethod()
#13 /mnt/c/Users/Jeru/Desktop/workspace/pup-virtual-job-fair/vendor/laravel/framework/src/Illuminate/Container/Container.php(653): Illuminate\\Container\\BoundMethod::call()
#14 /mnt/c/Users/Jeru/Desktop/workspace/pup-virtual-job-fair/vendor/laravel/framework/src/Illuminate/Console/Command.php(136): Illuminate\\Container\\Container->call()
#15 /mnt/c/Users/Jeru/Desktop/workspace/pup-virtual-job-fair/vendor/symfony/console/Command/Command.php(298): Illuminate\\Console\\Command->execute()
#16 /mnt/c/Users/Jeru/Desktop/workspace/pup-virtual-job-fair/vendor/laravel/framework/src/Illuminate/Console/Command.php(121): Symfony\\Component\\Console\\Command\\Command->run()
#17 /mnt/c/Users/Jeru/Desktop/workspace/pup-virtual-job-fair/vendor/symfony/console/Application.php(1015): Illuminate\\Console\\Command->run()
#18 /mnt/c/Users/Jeru/Desktop/workspace/pup-virtual-job-fair/vendor/symfony/console/Application.php(299): Symfony\\Component\\Console\\Application->doRunCommand()
#19 /mnt/c/Users/Jeru/Desktop/workspace/pup-virtual-job-fair/vendor/symfony/console/Application.php(171): Symfony\\Component\\Console\\Application->doRun()
#20 /mnt/c/Users/Jeru/Desktop/workspace/pup-virtual-job-fair/vendor/laravel/framework/src/Illuminate/Console/Application.php(94): Symfony\\Component\\Console\\Application->run()
#21 /mnt/c/Users/Jeru/Desktop/workspace/pup-virtual-job-fair/vendor/laravel/framework/src/Illuminate/Foundation/Console/Kernel.php(129): Illuminate\\Console\\Application->run()
#22 /mnt/c/Users/Jeru/Desktop/workspace/pup-virtual-job-fair/artisan(37): Illuminate\\Foundation\\Console\\Kernel->handle()
#23 {main}

[previous exception] [object] (PDOException(code: 0): could not find driver at /mnt/c/Users/Jeru/Desktop/workspace/pup-virtual-job-fair/vendor/laravel/framework/src/Illuminate/Database/Connectors/Connector.php:70)
[stacktrace]
#0 /mnt/c/Users/Jeru/Desktop/workspace/pup-virtual-job-fair/vendor/laravel/framework/src/Illuminate/Database/Connectors/Connector.php(70): PDO->__construct()
#1 /mnt/c/Users/Jeru/Desktop/workspace/pup-virtual-job-fair/vendor/laravel/framework/src/Illuminate/Database/Connectors/Connector.php(46): Illuminate\\Database\\Connectors\\Connector->createPdoConnection()
#2 /mnt/c/Users/Jeru/Desktop/workspace/pup-virtual-job-fair/vendor/laravel/framework/src/Illuminate/Database/Connectors/MySqlConnector.php(24): Illuminate\\Database\\Connectors\\Connector->createConnection()
#3 /mnt/c/Users/Jeru/Desktop/workspace/pup-virtual-job-fair/vendor/laravel/framework/src/Illuminate/Database/Connectors/ConnectionFactory.php(184): Illuminate\\Database\\Connectors\\MySqlConnector->connect()
#4 [internal function]: Illuminate\\Database\\Connectors\\ConnectionFactory->Illuminate\\Database\\Connectors\\{closure}()
#5 /mnt/c/Users/Jeru/Desktop/workspace/pup-virtual-job-fair/vendor/laravel/framework/src/Illuminate/Database/Connection.php(1062): call_user_func()
#6 /mnt/c/Users/Jeru/Desktop/workspace/pup-virtual-job-fair/vendor/laravel/framework/src/Illuminate/Database/Connection.php(1098): Illuminate\\Database\\Connection->getPdo()
#7 /mnt/c/Users/Jeru/Desktop/workspace/pup-virtual-job-fair/vendor/laravel/framework/src/Illuminate/Database/Connection.php(442): Illuminate\\Database\\Connection->getReadPdo()
#8 /mnt/c/Users/Jeru/Desktop/workspace/pup-virtual-job-fair/vendor/laravel/framework/src/Illuminate/Database/Connection.php(368): Illuminate\\Database\\Connection->getPdoForSelect()
#9 /mnt/c/Users/Jeru/Desktop/workspace/pup-virtual-job-fair/vendor/laravel/framework/src/Illuminate/Database/Connection.php(705): Illuminate\\Database\\Connection->Illuminate\\Database\\{closure}()
#10 /mnt/c/Users/Jeru/Desktop/workspace/pup-virtual-job-fair/vendor/laravel/framework/src/Illuminate/Database/Connection.php(672): Illuminate\\Database\\Connection->runQueryCallback()
#11 /mnt/c/Users/Jeru/Desktop/workspace/pup-virtual-job-fair/vendor/laravel/framework/src/Illuminate/Database/Connection.php(376): Illuminate\\Database\\Connection->run()
#12 /mnt/c/Users/Jeru/Desktop/workspace/pup-virtual-job-fair/vendor/laravel/framework/src/Illuminate/Database/Schema/MySqlBuilder.php(44): Illuminate\\Database\\Connection->select()
#13 /mnt/c/Users/Jeru/Desktop/workspace/pup-virtual-job-fair/vendor/laravel/framework/src/Illuminate/Database/Migrations/DatabaseMigrationRepository.php(169): Illuminate\\Database\\Schema\\MySqlBuilder->hasTable()
#14 /mnt/c/Users/Jeru/Desktop/workspace/pup-virtual-job-fair/vendor/laravel/framework/src/Illuminate/Database/Migrations/Migrator.php(652): Illuminate\\Database\\Migrations\\DatabaseMigrationRepository->repositoryExists()
#15 /mnt/c/Users/Jeru/Desktop/workspace/pup-virtual-job-fair/vendor/laravel/framework/src/Illuminate/Database/Console/Migrations/MigrateCommand.php(106): Illuminate\\Database\\Migrations\\Migrator->repositoryExists()
#16 /mnt/c/Users/Jeru/Desktop/workspace/pup-virtual-job-fair/vendor/laravel/framework/src/Illuminate/Database/Console/Migrations/MigrateCommand.php(77): Illuminate\\Database\\Console\\Migrations\\MigrateCommand->prepareDatabase()
#17 /mnt/c/Users/Jeru/Desktop/workspace/pup-virtual-job-fair/vendor/laravel/framework/src/Illuminate/Database/Migrations/Migrator.php(585): Illuminate\\Database\\Console\\Migrations\\MigrateCommand->Illuminate\\Database\\Console\\Migrations\\{closure}()
#18 /mnt/c/Users/Jeru/Desktop/workspace/pup-virtual-job-fair/vendor/laravel/framework/src/Illuminate/Database/Console/Migrations/MigrateCommand.php(94): Illuminate\\Database\\Migrations\\Migrator->usingConnection()
#19 /mnt/c/Users/Jeru/Desktop/workspace/pup-virtual-job-fair/vendor/laravel/framework/src/Illuminate/Container/BoundMethod.php(36): Illuminate\\Database\\Console\\Migrations\\MigrateCommand->handle()
#20 /mnt/c/Users/Jeru/Desktop/workspace/pup-virtual-job-fair/vendor/laravel/framework/src/Illuminate/Container/Util.php(40): Illuminate\\Container\\BoundMethod::Illuminate\\Container\\{closure}()
#21 /mnt/c/Users/Jeru/Desktop/workspace/pup-virtual-job-fair/vendor/laravel/framework/src/Illuminate/Container/BoundMethod.php(93): Illuminate\\Container\\Util::unwrapIfClosure()
#22 /mnt/c/Users/Jeru/Desktop/workspace/pup-virtual-job-fair/vendor/laravel/framework/src/Illuminate/Container/BoundMethod.php(37): Illuminate\\Container\\BoundMethod::callBoundMethod()
#23 /mnt/c/Users/Jeru/Desktop/workspace/pup-virtual-job-fair/vendor/laravel/framework/src/Illuminate/Container/Container.php(653): Illuminate\\Container\\BoundMethod::call()
#24 /mnt/c/Users/Jeru/Desktop/workspace/pup-virtual-job-fair/vendor/laravel/framework/src/Illuminate/Console/Command.php(136): Illuminate\\Container\\Container->call()
#25 /mnt/c/Users/Jeru/Desktop/workspace/pup-virtual-job-fair/vendor/symfony/console/Command/Command.php(298): Illuminate\\Console\\Command->execute()
#26 /mnt/c/Users/Jeru/Desktop/workspace/pup-virtual-job-fair/vendor/laravel/framework/src/Illuminate/Console/Command.php(121): Symfony\\Component\\Console\\Command\\Command->run()
#27 /mnt/c/Users/Jeru/Desktop/workspace/pup-virtual-job-fair/vendor/symfony/console/Application.php(1015): Illuminate\\Console\\Command->run()
#28 /mnt/c/Users/Jeru/Desktop/workspace/pup-virtual-job-fair/vendor/symfony/console/Application.php(299): Symfony\\Component\\Console\\Application->doRunCommand()
#29 /mnt/c/Users/Jeru/Desktop/workspace/pup-virtual-job-fair/vendor/symfony/console/Application.php(171): Symfony\\Component\\Console\\Application->doRun()
#30 /mnt/c/Users/Jeru/Desktop/workspace/pup-virtual-job-fair/vendor/laravel/framework/src/Illuminate/Console/Application.php(94): Symfony\\Component\\Console\\Application->run()
#31 /mnt/c/Users/Jeru/Desktop/workspace/pup-virtual-job-fair/vendor/laravel/framework/src/Illuminate/Foundation/Console/Kernel.php(129): Illuminate\\Console\\Application->run()
#32 /mnt/c/Users/Jeru/Desktop/workspace/pup-virtual-job-fair/artisan(37): Illuminate\\Foundation\\Console\\Kernel->handle()
#33 {main}
"} 
